[17:22:54.308] Global cache location '/Users/josh/Library/Caches/typescript/4.7', safe file path '/usr/local/cellar/typescript/4.7.2/libexec/lib/node_modules/typescript/lib/typingsafelist.json', types map path /usr/local/cellar/typescript/4.7.2/libexec/lib/node_modules/typescript/lib/typesmap.json
[17:22:54.309] Processing cache location '/Users/josh/Library/Caches/typescript/4.7'
[17:22:54.310] Trying to find '/Users/josh/Library/Caches/typescript/4.7/package.json'...
[17:22:54.313] Loaded content of '/Users/josh/Library/Caches/typescript/4.7/package.json': {"private":true,"dependencies":{"types-registry":"^0.1.598"},"devDependencies":{"@types/eslint":"^8.4.3","@types/rimraf":"^3.0.2"}}
[17:22:54.313] Loaded content of '/Users/josh/Library/Caches/typescript/4.7/package-lock.json'
[17:22:54.329] Adding entry into typings cache: 'eslint' => '/Users/josh/Library/Caches/typescript/4.7/node_modules/@types/eslint/index.d.ts'
[17:22:54.332] Adding entry into typings cache: 'rimraf' => '/Users/josh/Library/Caches/typescript/4.7/node_modules/@types/rimraf/index.d.ts'
[17:22:54.333] Finished processing cache location '/Users/josh/Library/Caches/typescript/4.7'
[17:22:54.333] Process id: 90504
[17:22:54.333] NPM location: /usr/local/Cellar/node/18.2.0/bin/npm (explicit '--npmLocation' not  provided)
[17:22:54.333] validateDefaultNpmLocation: false
[17:22:54.334] Npm config file: /Users/josh/Library/Caches/typescript/4.7/package.json
[17:22:54.334] Updating types-registry npm package...
[17:22:54.334] Exec: /usr/local/Cellar/node/18.2.0/bin/npm install --ignore-scripts types-registry@latest
[17:22:54.343]     Failed. stdout:
    stderr:
    /bin/sh: /usr/local/Cellar/node/18.2.0/bin/npm: No such file or directory
    
[17:22:54.343] Updated types-registry npm package
[17:22:54.710] Got install request {"projectName":"/dev/null/inferredProject1*","fileNames":["/usr/local/Cellar/typescript/4.7.2/libexec/lib/node_modules/typescript/lib/lib.es5.d.ts","/usr/local/Cellar/typescript/4.7.2/libexec/lib/node_modules/typescript/lib/lib.es2015.d.ts","/usr/local/Cellar/typescript/4.7.2/libexec/lib/node_modules/typescript/lib/lib.es2016.d.ts","/usr/local/Cellar/typescript/4.7.2/libexec/lib/node_modules/typescript/lib/lib.dom.d.ts","/usr/local/Cellar/typescript/4.7.2/libexec/lib/node_modules/typescript/lib/lib.dom.iterable.d.ts","/usr/local/Cellar/typescript/4.7.2/libexec/lib/node_modules/typescript/lib/lib.webworker.importscripts.d.ts","/usr/local/Cellar/typescript/4.7.2/libexec/lib/node_modules/typescript/lib/lib.scripthost.d.ts","/usr/local/Cellar/typescript/4.7.2/libexec/lib/node_modules/typescript/lib/lib.es2015.core.d.ts","/usr/local/Cellar/typescript/4.7.2/libexec/lib/node_modules/typescript/lib/lib.es2015.collection.d.ts","/usr/local/Cellar/typescript/4.7.2/libexec/lib/node_modules/typescript/lib/lib.es2015.generator.d.ts","/usr/local/Cellar/typescript/4.7.2/libexec/lib/node_modules/typescript/lib/lib.es2015.iterable.d.ts","/usr/local/Cellar/typescript/4.7.2/libexec/lib/node_modules/typescript/lib/lib.es2015.promise.d.ts","/usr/local/Cellar/typescript/4.7.2/libexec/lib/node_modules/typescript/lib/lib.es2015.proxy.d.ts","/usr/local/Cellar/typescript/4.7.2/libexec/lib/node_modules/typescript/lib/lib.es2015.reflect.d.ts","/usr/local/Cellar/typescript/4.7.2/libexec/lib/node_modules/typescript/lib/lib.es2015.symbol.d.ts","/usr/local/Cellar/typescript/4.7.2/libexec/lib/node_modules/typescript/lib/lib.es2015.symbol.wellknown.d.ts","/usr/local/Cellar/typescript/4.7.2/libexec/lib/node_modules/typescript/lib/lib.es2016.array.include.d.ts","/usr/local/Cellar/typescript/4.7.2/libexec/lib/node_modules/typescript/lib/lib.es2016.full.d.ts","/Users/josh/code/brn/static/js/task_twoafc.js"],"compilerOptions":{"module":1,"target":3,"jsx":1,"allowJs":true,"allowSyntheticDefaultImports":true,"allowNonTsExtensions":true,"noEmitForJsFiles":true,"maxNodeModuleJsDepth":2},"typeAcquisition":{"enable":true,"include":[],"exclude":[]},"unresolvedImports":[],"projectRootPath":"/Users/josh/code/brn/static/js","kind":"discover"}
[17:22:54.717] Loaded safelist from types map file '/usr/local/cellar/typescript/4.7.2/libexec/lib/node_modules/typescript/lib/typesmap.json'
[17:22:54.718] Explicitly included types: []
[17:22:54.718] Inferred typings from unresolved imports: []
[17:22:54.718] Result: {"cachedTypingPaths":[],"newTypingNames":[],"filesToWatch":["/Users/josh/code/brn/static/js/bower_components","/Users/josh/code/brn/static/js/node_modules"]}
[17:22:54.718] Finished typings discovery: {"cachedTypingPaths":[],"newTypingNames":[],"filesToWatch":["/Users/josh/code/brn/static/js/bower_components","/Users/josh/code/brn/static/js/node_modules"]}
[17:22:54.719] DirectoryWatcher:: Added:: WatchInfo: /Users/josh/code/brn/static/js/bower_components
[17:22:54.719] DirectoryWatcher:: Added:: WatchInfo: /Users/josh/code/brn/static/js/bower_components 1 undefined Project: /dev/null/inferredProject1* watcher already invoked: false
[17:22:54.720] Elapsed:: 0.8236217498779297ms DirectoryWatcher:: Added:: WatchInfo: /Users/josh/code/brn/static/js/bower_components 1 undefined Project: /dev/null/inferredProject1* watcher already invoked: false
[17:22:54.721] DirectoryWatcher:: Added:: WatchInfo: /Users/josh/code/brn/static/js/node_modules
[17:22:54.721] DirectoryWatcher:: Added:: WatchInfo: /Users/josh/code/brn/static/js/node_modules 1 undefined Project: /dev/null/inferredProject1* watcher already invoked: false
[17:22:54.721] Elapsed:: 0.10795974731445312ms DirectoryWatcher:: Added:: WatchInfo: /Users/josh/code/brn/static/js/node_modules 1 undefined Project: /dev/null/inferredProject1* watcher already invoked: false
[17:22:54.721] Sending response:
    {"projectName":"/dev/null/inferredProject1*","typeAcquisition":{"enable":true,"include":[],"exclude":[]},"compilerOptions":{"module":1,"target":3,"jsx":1,"allowJs":true,"allowSyntheticDefaultImports":true,"allowNonTsExtensions":true,"noEmitForJsFiles":true,"maxNodeModuleJsDepth":2},"typings":[],"unresolvedImports":[],"kind":"action::set"}
[17:22:54.722] Response has been sent.
[17:22:54.722] No new typings were requested as a result of typings discovery
